<?xml version="1.0" encoding="UTF-8"?>
<testng-results total="1" passed="1" failed="0" skipped="0">
  <reporter-output>
  </reporter-output>
  <suite started-at="2022-11-15T16:08:34Z" name="Suite" finished-at="2022-11-15T16:08:40Z" duration-ms="5357">
    <groups>
    </groups>
    <test started-at="2022-11-15T16:08:34Z" name="percyTest" finished-at="2022-11-15T16:08:40Z" duration-ms="5357">
      <class name="percy.test.percyCompareURLs">
        <test-method is-config="true" signature="setup()[pri:0, instance:percy.test.percyCompareURLs@2f943d71]" started-at="2022-11-15T21:38:34Z" name="setup" finished-at="2022-11-15T21:38:39Z" duration-ms="4115" status="PASS">
          <reporter-output>
          </reporter-output>
        </test-method> <!-- setup -->
        <test-method signature="snapshotCompare()[pri:0, instance:percy.test.percyCompareURLs@2f943d71]" started-at="2022-11-15T21:38:39Z" name="snapshotCompare" finished-at="2022-11-15T21:38:39Z" duration-ms="781" status="PASS">
          <reporter-output>
          </reporter-output>
        </test-method> <!-- snapshotCompare -->
        <test-method is-config="true" signature="tearDown()[pri:0, instance:percy.test.percyCompareURLs@2f943d71]" started-at="2022-11-15T21:38:39Z" name="tearDown" finished-at="2022-11-15T21:38:40Z" duration-ms="452" status="PASS">
          <reporter-output>
          </reporter-output>
        </test-method> <!-- tearDown -->
      </class> <!-- percy.test.percyCompareURLs -->
    </test> <!-- percyTest -->
  </suite> <!-- Suite -->
</testng-results>
